an4.cd_ptm_200/feat.params
an4.cd_ptm_200/mdef
an4.cd_ptm_200/means
an4.cd_ptm_200/mixture_weights
an4.cd_ptm_200/noisedict
an4.cd_ptm_200/sendump
an4.cd_ptm_200/transition_matrices
an4.cd_ptm_200/variances
an4.dic
an4.gram
cmudict-en-us.dict
corpus.txt
digits.gram
en-phone.dmp
en-us-ptm/README
en-us-ptm/feat.params
en-us-ptm/mdef
en-us-ptm/means
en-us-ptm/noisedict
en-us-ptm/sendump
en-us-ptm/transition_matrices
en-us-ptm/variances
gulsumbi.gram
keywords.dict
keywords.gram
menu.gram
mlm-phone.dmp
mlm-phone.lm
mlm.ci_cont/feat.params
mlm.ci_cont/mdef
mlm.ci_cont/means
mlm.ci_cont/mixture_weights
mlm.ci_cont/noisedict
mlm.ci_cont/transition_matrices
mlm.ci_cont/variances
mlm.dic
mlm.jsgf
weather.dmp